# JRE version: OpenJDK Runtime Environment (21.0.6) (build 21.0.6+-13391695-b895.109)
# Java VM: OpenJDK 64-Bit Server VM (21.0.6+-13391695-b895.109, mixed mode, tiered, compressed oops, compressed class ptrs, g1 gc, windows-amd64)
GC Precious Log:
 CardTable entry size: 512
 Card Set container configuration: InlinePtr #cards 5 size 8 Array Of Cards #cards 12 size 40 Howl #buckets 4 coarsen threshold 1843 Howl Bitmap #cards 512 size 80 coarsen threshold 460 Card regions per heap region 1 cards per card region 2048
 CPUs: 4 total, 4 available
 Memory: 4094M
 Large Page Support: Disabled
 NUMA Support: Disabled
 Compressed Oops: Enabled (32-bit)
 Heap Region Size: 1M
 Heap Min Capacity: 8M
 Heap Initial Capacity: 64M
 Heap Max Capacity: 1G
 Pre-touch: Disabled
 Parallel Workers: 4
 Concurrent Workers: 1
 Concurrent Refinement Workers: 4
 Periodic GC: Disabled
Heap:
 garbage-first heap   total 102400K, used 83339K [0x00000000c0000000, 0x0000000100000000)
  region size 1024K, 21 young (21504K), 2 survivors (2048K)
 Metaspace       used 74380K, committed 74688K, reserved 1179648K
  class space    used 8132K, committed 8256K, reserved 1048576K
GC Heap History (20 events):
Event: 9.663 GC heap before
{Heap before GC invocations=19 (full 0):
 garbage-first heap   total 60416K, used 48682K [0x00000000c0000000, 0x0000000100000000)
  region size 1024K, 12 young (12288K), 2 survivors (2048K)
 Metaspace       used 55352K, committed 55616K, reserved 1114112K
  class space    used 6403K, committed 6528K, reserved 1048576K
}
Event: 9.672 GC heap after
{Heap after GC invocations=20 (full 0):
 garbage-first heap   total 60416K, used 40182K [0x00000000c0000000, 0x0000000100000000)
  region size 1024K, 1 young (1024K), 1 survivors (1024K)
 Metaspace       used 55352K, committed 55616K, reserved 1114112K
  class space    used 6403K, committed 6528K, reserved 1048576K
}
Event: 10.233 GC heap before
{Heap before GC invocations=20 (full 0):
 garbage-first heap   total 60416K, used 51446K [0x00000000c0000000, 0x0000000100000000)
  region size 1024K, 12 young (12288K), 1 survivors (1024K)
 Metaspace       used 57502K, committed 57856K, reserved 1114112K
  class space    used 6632K, committed 6784K, reserved 1048576K
}
Event: 10.240 GC heap after
{Heap after GC invocations=21 (full 0):
 garbage-first heap   total 60416K, used 42240K [0x00000000c0000000, 0x0000000100000000)
  region size 1024K, 2 young (2048K), 2 survivors (2048K)
 Metaspace       used 57502K, committed 57856K, reserved 1114112K
  class space    used 6632K, committed 6784K, reserved 1048576K
}
Event: 10.704 GC heap before
{Heap before GC invocations=22 (full 0):
 garbage-first heap   total 71680K, used 52480K [0x00000000c0000000, 0x0000000100000000)
  region size 1024K, 12 young (12288K), 2 survivors (2048K)
 Metaspace       used 59024K, committed 59392K, reserved 1114112K
  class space    used 6830K, committed 6976K, reserved 1048576K
}
Event: 10.715 GC heap after
{Heap after GC invocations=23 (full 0):
 garbage-first heap   total 71680K, used 44513K [0x00000000c0000000, 0x0000000100000000)
  region size 1024K, 2 young (2048K), 2 survivors (2048K)
 Metaspace       used 59024K, committed 59392K, reserved 1114112K
  class space    used 6830K, committed 6976K, reserved 1048576K
}
Event: 11.369 GC heap before
{Heap before GC invocations=23 (full 0):
 garbage-first heap   total 71680K, used 60897K [0x00000000c0000000, 0x0000000100000000)
  region size 1024K, 18 young (18432K), 2 survivors (2048K)
 Metaspace       used 59460K, committed 59776K, reserved 1114112K
  class space    used 6837K, committed 6976K, reserved 1048576K
}
Event: 11.387 GC heap after
{Heap after GC invocations=24 (full 0):
 garbage-first heap   total 71680K, used 48812K [0x00000000c0000000, 0x0000000100000000)
  region size 1024K, 3 young (3072K), 3 survivors (3072K)
 Metaspace       used 59460K, committed 59776K, reserved 1114112K
  class space    used 6837K, committed 6976K, reserved 1048576K
}
Event: 11.863 GC heap before
{Heap before GC invocations=24 (full 0):
 garbage-first heap   total 71680K, used 62124K [0x00000000c0000000, 0x0000000100000000)
  region size 1024K, 16 young (16384K), 3 survivors (3072K)
 Metaspace       used 59640K, committed 59968K, reserved 1114112K
  class space    used 6838K, committed 6976K, reserved 1048576K
}
Event: 11.882 GC heap after
{Heap after GC invocations=25 (full 0):
 garbage-first heap   total 87040K, used 52557K [0x00000000c0000000, 0x0000000100000000)
  region size 1024K, 2 young (2048K), 2 survivors (2048K)
 Metaspace       used 59640K, committed 59968K, reserved 1114112K
  class space    used 6838K, committed 6976K, reserved 1048576K
}
Event: 12.735 GC heap before
{Heap before GC invocations=26 (full 0):
 garbage-first heap   total 89088K, used 70989K [0x00000000c0000000, 0x0000000100000000)
  region size 1024K, 21 young (21504K), 2 survivors (2048K)
 Metaspace       used 61685K, committed 62016K, reserved 1114112K
  class space    used 7045K, committed 7168K, reserved 1048576K
}
Event: 12.749 GC heap after
{Heap after GC invocations=27 (full 0):
 garbage-first heap   total 89088K, used 55718K [0x00000000c0000000, 0x0000000100000000)
  region size 1024K, 3 young (3072K), 3 survivors (3072K)
 Metaspace       used 61685K, committed 62016K, reserved 1114112K
  class space    used 7045K, committed 7168K, reserved 1048576K
}
Event: 13.777 GC heap before
{Heap before GC invocations=27 (full 0):
 garbage-first heap   total 89088K, used 74150K [0x00000000c0000000, 0x0000000100000000)
  region size 1024K, 22 young (22528K), 3 survivors (3072K)
 Metaspace       used 65568K, committed 65856K, reserved 1114112K
  class space    used 7390K, committed 7488K, reserved 1048576K
}
Event: 13.794 GC heap after
{Heap after GC invocations=28 (full 0):
 garbage-first heap   total 89088K, used 57603K [0x00000000c0000000, 0x0000000100000000)
  region size 1024K, 2 young (2048K), 2 survivors (2048K)
 Metaspace       used 65568K, committed 65856K, reserved 1114112K
  class space    used 7390K, committed 7488K, reserved 1048576K
}
Event: 14.211 GC heap before
{Heap before GC invocations=28 (full 0):
 garbage-first heap   total 89088K, used 77059K [0x00000000c0000000, 0x0000000100000000)
  region size 1024K, 21 young (21504K), 2 survivors (2048K)
 Metaspace       used 65790K, committed 66112K, reserved 1114112K
  class space    used 7397K, committed 7552K, reserved 1048576K
}
Event: 14.225 GC heap after
{Heap after GC invocations=29 (full 0):
 garbage-first heap   total 89088K, used 61207K [0x00000000c0000000, 0x0000000100000000)
  region size 1024K, 3 young (3072K), 3 survivors (3072K)
 Metaspace       used 65790K, committed 66112K, reserved 1114112K
  class space    used 7397K, committed 7552K, reserved 1048576K
}
Event: 14.904 GC heap before
{Heap before GC invocations=30 (full 0):
 garbage-first heap   total 102400K, used 78615K [0x00000000c0000000, 0x0000000100000000)
  region size 1024K, 20 young (20480K), 3 survivors (3072K)
 Metaspace       used 66970K, committed 67264K, reserved 1114112K
  class space    used 7468K, committed 7616K, reserved 1048576K
}
Event: 14.919 GC heap after
{Heap after GC invocations=31 (full 0):
 garbage-first heap   total 102400K, used 64512K [0x00000000c0000000, 0x0000000100000000)
  region size 1024K, 3 young (3072K), 3 survivors (3072K)
 Metaspace       used 66970K, committed 67264K, reserved 1114112K
  class space    used 7468K, committed 7616K, reserved 1048576K
}
Event: 15.783 GC heap before
{Heap before GC invocations=31 (full 0):
 garbage-first heap   total 102400K, used 87040K [0x00000000c0000000, 0x0000000100000000)
  region size 1024K, 26 young (26624K), 3 survivors (3072K)
 Metaspace       used 72309K, committed 72640K, reserved 1114112K
  class space    used 7960K, committed 8064K, reserved 1048576K
}
Event: 15.797 GC heap after
{Heap after GC invocations=32 (full 0):
 garbage-first heap   total 102400K, used 65931K [0x00000000c0000000, 0x0000000100000000)
  region size 1024K, 2 young (2048K), 2 survivors (2048K)
 Metaspace       used 72309K, committed 72640K, reserved 1114112K
  class space    used 7960K, committed 8064K, reserved 1048576K
}

