# JRE version: OpenJDK Runtime Environment (21.0.6) (build 21.0.6+-13391695-b895.109)
# Java VM: OpenJDK 64-Bit Server VM (21.0.6+-13391695-b895.109, mixed mode, tiered, compressed oops, compressed class ptrs, g1 gc, windows-amd64)
GC Precious Log:
 CardTable entry size: 512
 Card Set container configuration: InlinePtr #cards 5 size 8 Array Of Cards #cards 12 size 40 Howl #buckets 4 coarsen threshold 1843 Howl Bitmap #cards 512 size 80 coarsen threshold 460 Card regions per heap region 1 cards per card region 2048
 CPUs: 4 total, 4 available
 Memory: 4094M
 Large Page Support: Disabled
 NUMA Support: Disabled
 Compressed Oops: Enabled (32-bit)
 Heap Region Size: 1M
 Heap Min Capacity: 8M
 Heap Initial Capacity: 64M
 Heap Max Capacity: 2G
 Pre-touch: Disabled
 Parallel Workers: 4
 Concurrent Workers: 1
 Concurrent Refinement Workers: 4
 Periodic GC: Disabled
Heap:
 garbage-first heap   total 382976K, used 236528K [0x0000000080000000, 0x0000000100000000)
  region size 1024K, 24 young (24576K), 14 survivors (14336K)
 Metaspace       used 175393K, committed 178304K, reserved 1245184K
  class space    used 22844K, committed 24320K, reserved 1048576K
GC Heap History (20 events):
Event: 406.338 GC heap before
{Heap before GC invocations=57 (full 0):
 garbage-first heap   total 312320K, used 284498K [0x0000000080000000, 0x0000000100000000)
  region size 1024K, 96 young (98304K), 6 survivors (6144K)
 Metaspace       used 140597K, committed 143232K, reserved 1179648K
  class space    used 18767K, committed 20096K, reserved 1048576K
}
Event: 406.357 GC heap after
{Heap after GC invocations=58 (full 0):
 garbage-first heap   total 312320K, used 192309K [0x0000000080000000, 0x0000000100000000)
  region size 1024K, 7 young (7168K), 7 survivors (7168K)
 Metaspace       used 140597K, committed 143232K, reserved 1179648K
  class space    used 18767K, committed 20096K, reserved 1048576K
}
Event: 408.106 GC heap before
{Heap before GC invocations=58 (full 0):
 garbage-first heap   total 312320K, used 288565K [0x0000000080000000, 0x0000000100000000)
  region size 1024K, 101 young (103424K), 7 survivors (7168K)
 Metaspace       used 141780K, committed 144448K, reserved 1179648K
  class space    used 18882K, committed 20288K, reserved 1048576K
}
Event: 408.119 GC heap after
{Heap after GC invocations=59 (full 0):
 garbage-first heap   total 312320K, used 196397K [0x0000000080000000, 0x0000000100000000)
  region size 1024K, 11 young (11264K), 11 survivors (11264K)
 Metaspace       used 141780K, committed 144448K, reserved 1179648K
  class space    used 18882K, committed 20288K, reserved 1048576K
}
Event: 411.218 GC heap before
{Heap before GC invocations=60 (full 0):
 garbage-first heap   total 327680K, used 285485K [0x0000000080000000, 0x0000000100000000)
  region size 1024K, 97 young (99328K), 11 survivors (11264K)
 Metaspace       used 149317K, committed 152000K, reserved 1245184K
  class space    used 19634K, committed 20992K, reserved 1048576K
}
Event: 411.250 GC heap after
{Heap after GC invocations=61 (full 0):
 garbage-first heap   total 327680K, used 203622K [0x0000000080000000, 0x0000000100000000)
  region size 1024K, 13 young (13312K), 13 survivors (13312K)
 Metaspace       used 149317K, committed 152000K, reserved 1245184K
  class space    used 19634K, committed 20992K, reserved 1048576K
}
Event: 788.094 GC heap before
{Heap before GC invocations=61 (full 0):
 garbage-first heap   total 327680K, used 296806K [0x0000000080000000, 0x0000000100000000)
  region size 1024K, 105 young (107520K), 13 survivors (13312K)
 Metaspace       used 152768K, committed 155520K, reserved 1245184K
  class space    used 20048K, committed 21440K, reserved 1048576K
}
Event: 788.381 GC heap after
{Heap after GC invocations=62 (full 0):
 garbage-first heap   total 327680K, used 207229K [0x0000000080000000, 0x0000000100000000)
  region size 1024K, 13 young (13312K), 13 survivors (13312K)
 Metaspace       used 152768K, committed 155520K, reserved 1245184K
  class space    used 20048K, committed 21440K, reserved 1048576K
}
Event: 793.776 GC heap before
{Heap before GC invocations=62 (full 0):
 garbage-first heap   total 327680K, used 297341K [0x0000000080000000, 0x0000000100000000)
  region size 1024K, 101 young (103424K), 13 survivors (13312K)
 Metaspace       used 155512K, committed 158272K, reserved 1245184K
  class space    used 20432K, committed 21824K, reserved 1048576K
}
Event: 793.826 GC heap after
{Heap after GC invocations=63 (full 0):
 garbage-first heap   total 327680K, used 216656K [0x0000000080000000, 0x0000000100000000)
  region size 1024K, 13 young (13312K), 13 survivors (13312K)
 Metaspace       used 155512K, committed 158272K, reserved 1245184K
  class space    used 20432K, committed 21824K, reserved 1048576K
}
Event: 802.665 GC heap before
{Heap before GC invocations=64 (full 0):
 garbage-first heap   total 362496K, used 294480K [0x0000000080000000, 0x0000000100000000)
  region size 1024K, 89 young (91136K), 13 survivors (13312K)
 Metaspace       used 156397K, committed 159232K, reserved 1245184K
  class space    used 20575K, committed 22016K, reserved 1048576K
}
Event: 802.696 GC heap after
{Heap after GC invocations=65 (full 0):
 garbage-first heap   total 362496K, used 223605K [0x0000000080000000, 0x0000000100000000)
  region size 1024K, 7 young (7168K), 7 survivors (7168K)
 Metaspace       used 156397K, committed 159232K, reserved 1245184K
  class space    used 20575K, committed 22016K, reserved 1048576K
}
Event: 816.492 GC heap before
{Heap before GC invocations=65 (full 0):
 garbage-first heap   total 362496K, used 334197K [0x0000000080000000, 0x0000000100000000)
  region size 1024K, 116 young (118784K), 7 survivors (7168K)
 Metaspace       used 158350K, committed 161152K, reserved 1245184K
  class space    used 20823K, committed 22272K, reserved 1048576K
}
Event: 816.515 GC heap after
{Heap after GC invocations=66 (full 0):
 garbage-first heap   total 362496K, used 224768K [0x0000000080000000, 0x0000000100000000)
  region size 1024K, 13 young (13312K), 13 survivors (13312K)
 Metaspace       used 158350K, committed 161152K, reserved 1245184K
  class space    used 20823K, committed 22272K, reserved 1048576K
}
Event: 817.244 GC heap before
{Heap before GC invocations=66 (full 0):
 garbage-first heap   total 362496K, used 249344K [0x0000000080000000, 0x0000000100000000)
  region size 1024K, 39 young (39936K), 13 survivors (13312K)
 Metaspace       used 159245K, committed 161984K, reserved 1245184K
  class space    used 20904K, committed 22336K, reserved 1048576K
}
Event: 817.269 GC heap after
{Heap after GC invocations=67 (full 0):
 garbage-first heap   total 362496K, used 227733K [0x0000000080000000, 0x0000000100000000)
  region size 1024K, 5 young (5120K), 5 survivors (5120K)
 Metaspace       used 159245K, committed 161984K, reserved 1245184K
  class space    used 20904K, committed 22336K, reserved 1048576K
}
Event: 835.318 GC heap before
{Heap before GC invocations=68 (full 0):
 garbage-first heap   total 382976K, used 335253K [0x0000000080000000, 0x0000000100000000)
  region size 1024K, 110 young (112640K), 5 survivors (5120K)
 Metaspace       used 164223K, committed 167104K, reserved 1245184K
  class space    used 21477K, committed 22976K, reserved 1048576K
}
Event: 835.332 GC heap after
{Heap after GC invocations=69 (full 0):
 garbage-first heap   total 382976K, used 230805K [0x0000000080000000, 0x0000000100000000)
  region size 1024K, 9 young (9216K), 9 survivors (9216K)
 Metaspace       used 164223K, committed 167104K, reserved 1245184K
  class space    used 21477K, committed 22976K, reserved 1048576K
}
Event: 842.363 GC heap before
{Heap before GC invocations=69 (full 0):
 garbage-first heap   total 382976K, used 357781K [0x0000000080000000, 0x0000000100000000)
  region size 1024K, 128 young (131072K), 9 survivors (9216K)
 Metaspace       used 175053K, committed 177984K, reserved 1245184K
  class space    used 22795K, committed 24320K, reserved 1048576K
}
Event: 842.406 GC heap after
{Heap after GC invocations=70 (full 0):
 garbage-first heap   total 382976K, used 227312K [0x0000000080000000, 0x0000000100000000)
  region size 1024K, 14 young (14336K), 14 survivors (14336K)
 Metaspace       used 175053K, committed 177984K, reserved 1245184K
  class space    used 22795K, committed 24320K, reserved 1048576K
}

