# JRE version: OpenJDK Runtime Environment (21.0.6) (build 21.0.6+-13391695-b895.109)
# Java VM: OpenJDK 64-Bit Server VM (21.0.6+-13391695-b895.109, mixed mode, tiered, compressed oops, compressed class ptrs, g1 gc, windows-amd64)
GC Precious Log:
 CardTable entry size: 512
 Card Set container configuration: InlinePtr #cards 5 size 8 Array Of Cards #cards 12 size 40 Howl #buckets 4 coarsen threshold 1843 Howl Bitmap #cards 512 size 80 coarsen threshold 460 Card regions per heap region 1 cards per card region 2048
 CPUs: 4 total, 4 available
 Memory: 4094M
 Large Page Support: Disabled
 NUMA Support: Disabled
 Compressed Oops: Enabled (32-bit)
 Heap Region Size: 1M
 Heap Min Capacity: 8M
 Heap Initial Capacity: 64M
 Heap Max Capacity: 1G
 Pre-touch: Disabled
 Parallel Workers: 4
 Concurrent Workers: 1
 Concurrent Refinement Workers: 4
 Periodic GC: Disabled
Heap:
 garbage-first heap   total 48128K, used 24560K [0x00000000c0000000, 0x0000000100000000)
  region size 1024K, 3 young (3072K), 3 survivors (3072K)
 Metaspace       used 48563K, committed 48896K, reserved 1114112K
  class space    used 5594K, committed 5760K, reserved 1048576K
GC Heap History (19 events):
Event: 0.735 GC heap before
{Heap before GC invocations=0 (full 0):
 garbage-first heap   total 65536K, used 16384K [0x00000000c0000000, 0x0000000100000000)
  region size 1024K, 13 young (13312K), 0 survivors (0K)
 Metaspace       used 11154K, committed 11328K, reserved 1114112K
  class space    used 939K, committed 1024K, reserved 1048576K
}
Event: 0.740 GC heap after
{Heap after GC invocations=1 (full 0):
 garbage-first heap   total 65536K, used 5624K [0x00000000c0000000, 0x0000000100000000)
  region size 1024K, 2 young (2048K), 2 survivors (2048K)
 Metaspace       used 11154K, committed 11328K, reserved 1114112K
  class space    used 939K, committed 1024K, reserved 1048576K
}
Event: 1.136 GC heap before
{Heap before GC invocations=1 (full 0):
 garbage-first heap   total 65536K, used 25080K [0x00000000c0000000, 0x0000000100000000)
  region size 1024K, 22 young (22528K), 2 survivors (2048K)
 Metaspace       used 17035K, committed 17216K, reserved 1114112K
  class space    used 1659K, committed 1728K, reserved 1048576K
}
Event: 1.142 GC heap after
{Heap after GC invocations=2 (full 0):
 garbage-first heap   total 65536K, used 7008K [0x00000000c0000000, 0x0000000100000000)
  region size 1024K, 2 young (2048K), 2 survivors (2048K)
 Metaspace       used 17035K, committed 17216K, reserved 1114112K
  class space    used 1659K, committed 1728K, reserved 1048576K
}
Event: 1.427 GC heap before
{Heap before GC invocations=2 (full 0):
 garbage-first heap   total 65536K, used 18272K [0x00000000c0000000, 0x0000000100000000)
  region size 1024K, 14 young (14336K), 2 survivors (2048K)
 Metaspace       used 21311K, committed 21504K, reserved 1114112K
  class space    used 2161K, committed 2240K, reserved 1048576K
}
Event: 1.433 GC heap after
{Heap after GC invocations=3 (full 0):
 garbage-first heap   total 65536K, used 7681K [0x00000000c0000000, 0x0000000100000000)
  region size 1024K, 2 young (2048K), 2 survivors (2048K)
 Metaspace       used 21311K, committed 21504K, reserved 1114112K
  class space    used 2161K, committed 2240K, reserved 1048576K
}
Event: 1.895 GC heap before
{Heap before GC invocations=4 (full 0):
 garbage-first heap   total 27648K, used 27137K [0x00000000c0000000, 0x0000000100000000)
  region size 1024K, 21 young (21504K), 2 survivors (2048K)
 Metaspace       used 24617K, committed 24896K, reserved 1114112K
  class space    used 2580K, committed 2752K, reserved 1048576K
}
Event: 1.911 GC heap after
{Heap after GC invocations=5 (full 0):
 garbage-first heap   total 35840K, used 13064K [0x00000000c0000000, 0x0000000100000000)
  region size 1024K, 5 young (5120K), 5 survivors (5120K)
 Metaspace       used 24617K, committed 24896K, reserved 1114112K
  class space    used 2580K, committed 2752K, reserved 1048576K
}
Event: 2.193 GC heap before
{Heap before GC invocations=5 (full 0):
 garbage-first heap   total 35840K, used 25352K [0x00000000c0000000, 0x0000000100000000)
  region size 1024K, 17 young (17408K), 5 survivors (5120K)
 Metaspace       used 28233K, committed 28480K, reserved 1114112K
  class space    used 2997K, committed 3136K, reserved 1048576K
}
Event: 2.204 GC heap after
{Heap after GC invocations=6 (full 0):
 garbage-first heap   total 35840K, used 14314K [0x00000000c0000000, 0x0000000100000000)
  region size 1024K, 1 young (1024K), 1 survivors (1024K)
 Metaspace       used 28233K, committed 28480K, reserved 1114112K
  class space    used 2997K, committed 3136K, reserved 1048576K
}
Event: 2.525 GC heap before
{Heap before GC invocations=6 (full 0):
 garbage-first heap   total 35840K, used 27626K [0x00000000c0000000, 0x0000000100000000)
  region size 1024K, 14 young (14336K), 1 survivors (1024K)
 Metaspace       used 32590K, committed 32832K, reserved 1114112K
  class space    used 3953K, committed 4032K, reserved 1048576K
}
Event: 2.529 GC heap after
{Heap after GC invocations=7 (full 0):
 garbage-first heap   total 46080K, used 15218K [0x00000000c0000000, 0x0000000100000000)
  region size 1024K, 2 young (2048K), 2 survivors (2048K)
 Metaspace       used 32590K, committed 32832K, reserved 1114112K
  class space    used 3953K, committed 4032K, reserved 1048576K
}
Event: 2.876 GC heap before
{Heap before GC invocations=7 (full 0):
 garbage-first heap   total 46080K, used 28530K [0x00000000c0000000, 0x0000000100000000)
  region size 1024K, 17 young (17408K), 2 survivors (2048K)
 Metaspace       used 35772K, committed 35968K, reserved 1114112K
  class space    used 4280K, committed 4352K, reserved 1048576K
}
Event: 2.882 GC heap after
{Heap after GC invocations=8 (full 0):
 garbage-first heap   total 46080K, used 16564K [0x00000000c0000000, 0x0000000100000000)
  region size 1024K, 3 young (3072K), 3 survivors (3072K)
 Metaspace       used 35772K, committed 35968K, reserved 1114112K
  class space    used 4280K, committed 4352K, reserved 1048576K
}
Event: 3.309 GC heap before
{Heap before GC invocations=9 (full 0):
 garbage-first heap   total 46080K, used 37044K [0x00000000c0000000, 0x0000000100000000)
  region size 1024K, 24 young (24576K), 3 survivors (3072K)
 Metaspace       used 41605K, committed 41856K, reserved 1114112K
  class space    used 4850K, committed 4928K, reserved 1048576K
}
Event: 3.315 GC heap after
{Heap after GC invocations=10 (full 0):
 garbage-first heap   total 46080K, used 17293K [0x00000000c0000000, 0x0000000100000000)
  region size 1024K, 2 young (2048K), 2 survivors (2048K)
 Metaspace       used 41605K, committed 41856K, reserved 1114112K
  class space    used 4850K, committed 4928K, reserved 1048576K
}
Event: 3.950 GC heap before
{Heap before GC invocations=10 (full 0):
 garbage-first heap   total 46080K, used 38797K [0x00000000c0000000, 0x0000000100000000)
  region size 1024K, 24 young (24576K), 2 survivors (2048K)
 Metaspace       used 46487K, committed 46784K, reserved 1114112K
  class space    used 5380K, committed 5504K, reserved 1048576K
}
Event: 3.959 GC heap after
{Heap after GC invocations=11 (full 0):
 garbage-first heap   total 46080K, used 19172K [0x00000000c0000000, 0x0000000100000000)
  region size 1024K, 3 young (3072K), 3 survivors (3072K)
 Metaspace       used 46487K, committed 46784K, reserved 1114112K
  class space    used 5380K, committed 5504K, reserved 1048576K
}
Event: 4.442 GC heap before
{Heap before GC invocations=11 (full 0):
 garbage-first heap   total 46080K, used 39652K [0x00000000c0000000, 0x0000000100000000)
  region size 1024K, 23 young (23552K), 3 survivors (3072K)
 Metaspace       used 48563K, committed 48896K, reserved 1114112K
  class space    used 5594K, committed 5760K, reserved 1048576K
}

